--shelling--->: ("time" "clojure" "-m" "cljdoc-analyzer.cljdoc-main" "{:project \"bidi\", :version \"2.1.3\", :jarpath \"http://repo.clojars.org/bidi/bidi/2.1.3/bidi-2.1.3.jar\", :pompath \"http://repo.clojars.org/bidi/bidi/2.1.3/bidi-2.1.3.pom\"}" :dir "./cljdoc-analyzer")
exit: 0
out: 2019-09-27 13:01:16,682 INFO  cljdoc-analyzer.cljdoc-main - args:
{:project "bidi",
 :version "2.1.3",
 :jarpath "http://repo.clojars.org/bidi/bidi/2.1.3/bidi-2.1.3.jar",
 :pompath "http://repo.clojars.org/bidi/bidi/2.1.3/bidi-2.1.3.pom"}

2019-09-27 13:01:16,703 INFO  cljdoc-analyzer.runner - args:
{:project "bidi",
 :version "2.1.3",
 :jarpath "http://repo.clojars.org/bidi/bidi/2.1.3/bidi-2.1.3.jar",
 :pompath "http://repo.clojars.org/bidi/bidi/2.1.3/bidi-2.1.3.pom",
 :extra-repos nil,
 :namespaces :all,
 :exclude-with [:no-doc :skip-wiki],
 :output-filename
 "/tmp/cljdoc/analysis-out/cljdoc-edn/bidi/bidi/2.1.3/cljdoc.edn"}

2019-09-27 13:01:16,715 INFO  cljdoc-analyzer.runner - Downloading http://repo.clojars.org/bidi/bidi/2.1.3/bidi-2.1.3.jar
2019-09-27 13:01:17,652 INFO  cljdoc-analyzer.runner - dependencies for analysis:
org.clojure/clojure 1.9.0
  org.clojure/core.specs.alpha 0.1.24
  org.clojure/spec.alpha 0.1.143
criterium/criterium 0.4.3
compojure/compojure 1.6.0-beta2
  org.clojure/tools.macro 0.1.5
  clout/clout 2.1.2
    instaparse/instaparse 1.4.0
  ring/ring-codec 1.0.1
  ring/ring-core 1.6.0-beta6
    commons-fileupload/commons-fileupload 1.3.2
    commons-io/commons-io 2.5
    clj-time/clj-time 0.11.0
      joda-time/joda-time 2.8.2
    crypto-random/crypto-random 1.2.0
    crypto-equality/crypto-equality 1.0.0
  medley/medley 0.8.4
bidi /private/var/folders/8g/glv37m8n73gf4x0fqy5whqjc0000gn/T/cljdoc-bidi-bidi-2.1.3712453641686596846/downloaded.jar
  prismatic/schema 1.1.3
org.clojure/clojurescript 1.10.339
  org.clojure/data.json 0.2.6
  org.clojure/google-closure-library 0.0-20170809-b9c14c6b
    org.clojure/google-closure-library-third-party 0.0-20170809-b9c14c6b
  com.cognitect/transit-clj 0.8.309
    com.cognitect/transit-java 0.8.332
      commons-codec/commons-codec 1.10
      com.fasterxml.jackson.core/jackson-core 2.8.7
      org.msgpack/msgpack 0.6.12
        com.googlecode.json-simple/json-simple 1.1.1
        org.javassist/javassist 3.18.1-GA
  org.clojure/tools.reader 1.3.0-alpha3
  com.google.javascript/closure-compiler-unshaded v20180610
    com.google.errorprone/error_prone_annotations 2.0.18
    com.google.jsinterop/jsinterop-annotations 1.0.0
    com.google.javascript/closure-compiler-externs v20180610
    com.google.guava/guava 22.0
      org.codehaus.mojo/animal-sniffer-annotations 1.14
      com.google.j2objc/j2objc-annotations 1.1
    args4j/args4j 2.33
    com.google.protobuf/protobuf-java 3.0.2
    com.google.code.findbugs/jsr305 3.0.1
    com.google.code.gson/gson 2.7
cljdoc-analyzer/metagetta /Users/lee/other-proj/cljdoc-analyzer-comparative-test/cljdoc-analyzer/modules/metagetta
  org.clojure/tools.namespace 0.2.11
org.mozilla/rhino 1.7.7.1
javax.servlet/javax.servlet-api 4.0.1
ring/ring-mock 0.3.0

2019-09-27 13:01:17,654 INFO  cljdoc-analyzer.runner - launching metagetta for: bidi/bidi languages: :auto-detect
2019-09-27 13:01:24,317 INFO  cljdoc-analyzer.runner - metagetta results:
exit-code 0
stdout:
 Args: {:namespaces :all,
        :root-path
        "/var/folders/8g/glv37m8n73gf4x0fqy5whqjc0000gn/T/cljdoc-bidi-bidi-2.1.3712453641686596846/contents",
        :languages :auto-detect,
        :output-filename
        "/var/folders/8g/glv37m8n73gf4x0fqy5whqjc0000gn/T/bidi-bidi1948702695656737364.edn",
        :exclude-with [:no-doc :skip-wiki]}
 Java version 1.8.0_222
 Clojure version 1.9.0
 ClojureScript version 1.10.339
 Analyzing for clj
 Excluding var bidi.bidi/->TaggedMatch
 Excluding var bidi.bidi/->IdentifiableHandler
 Excluding var bidi.bidi/->Route
 Excluding var bidi.bidi/->RoutesContext
 Excluding var bidi.bidi/->Alternates
 Excluding var bidi.ring/->Files
 Excluding var bidi.ring/->ResourcesMaybe
 Excluding var bidi.ring/->Redirect
 Excluding var bidi.ring/->WrapMiddleware
 Excluding var bidi.ring/->Resources
 Excluding var bidi.ring/->Archive
 Excluding var bidi.vhosts/->VHostsModel
 Excluding var bidi.vhosts/->Redirect
 Analyzing for cljs
 Excluding var bidi.bidi/->TaggedMatch
 Excluding var bidi.bidi/map->Route
 Excluding var bidi.bidi/map->Alternates
 Excluding var bidi.bidi/map->IdentifiableHandler
 Excluding var bidi.bidi/->IdentifiableHandler
 Excluding var bidi.bidi/map->TaggedMatch
 Excluding var bidi.bidi/->Route
 Excluding var bidi.bidi/->RoutesContext
 Excluding var bidi.bidi/->Alternates
 Excluding var bidi.bidi/map->RoutesContext
 Done
2019-09-27 13:01:24,409 INFO  cljdoc-analyzer.runner - results file: /tmp/cljdoc/analysis-out/cljdoc-edn/bidi/bidi/2.1.3/cljdoc.edn
2019-09-27 13:01:24,409 INFO  cljdoc-analyzer.runner - Analysis succeeded.

err:        10.73 real        36.90 user         1.09 sys

