--shelling--->: ("time" "clojure" "-m" "cljdoc.analysis.runner-ng" "{:project \"iced-nrepl\", :version \"0.2.5\", :jarpath \"http://repo.clojars.org/iced-nrepl/iced-nrepl/0.2.5/iced-nrepl-0.2.5.jar\", :pompath \"http://repo.clojars.org/iced-nrepl/iced-nrepl/0.2.5/iced-nrepl-0.2.5.pom\"}" :dir "./cljdoc/modules/analysis-runner")
exit: 0
out: {:project "iced-nrepl",
 :version "0.2.5",
 :jarpath
 "http://repo.clojars.org/iced-nrepl/iced-nrepl/0.2.5/iced-nrepl-0.2.5.jar",
 :pompath
 "http://repo.clojars.org/iced-nrepl/iced-nrepl/0.2.5/iced-nrepl-0.2.5.pom"}
Downloading remote jar...
http://repo.clojars.org/iced-nrepl/iced-nrepl/0.2.5/iced-nrepl-0.2.5.pom nil
Used dependencies for analysis:
org.clojure/clojure 1.9.0
  org.clojure/core.specs.alpha 0.1.24
  org.clojure/spec.alpha 0.1.143
org.clojure/clojurescript 1.10.520
  org.clojure/data.json 0.2.6
  org.clojure/google-closure-library 0.0-20170809-b9c14c6b
    org.clojure/google-closure-library-third-party 0.0-20170809-b9c14c6b
  org.mozilla/rhino 1.7R5
  com.cognitect/transit-clj 0.8.309
    com.cognitect/transit-java 0.8.332
      com.fasterxml.jackson.core/jackson-core 2.8.7
      org.msgpack/msgpack 0.6.12
        com.googlecode.json-simple/json-simple 1.1.1
        org.javassist/javassist 3.18.1-GA
  org.clojure/tools.reader 1.3.0
  com.google.javascript/closure-compiler-unshaded v20180805
    com.google.jsinterop/jsinterop-annotations 1.0.0
    com.google.javascript/closure-compiler-externs v20180805
    com.google.guava/guava 25.1-jre
      com.google.errorprone/error_prone_annotations 2.1.3
      org.codehaus.mojo/animal-sniffer-annotations 1.14
      com.google.j2objc/j2objc-annotations 1.1
      org.checkerframework/checker-qual 2.0.0
      com.google.code.findbugs/jsr305 3.0.2
    args4j/args4j 2.0.26
    com.google.protobuf/protobuf-java 3.0.2
    com.google.code.gson/gson 2.7
fudje/fudje 0.9.7
  org.clojure/math.combinatorics 0.1.1
iced-nrepl /private/var/folders/8g/glv37m8n73gf4x0fqy5whqjc0000gn/T/cljdoc-iced-nrepl-0.2.55618097671612962740/downloaded.jar
  cider/orchard 0.3.3
    org.clojure/tools.namespace 0.3.0-alpha4
    org.clojure/java.classpath 0.3.0
    org.tcrawley/dynapath 0.2.5
  cljfmt/cljfmt 0.6.1
    org.clojure/tools.cli 0.3.7
    rewrite-clj/rewrite-clj 0.6.0
    com.googlecode.java-diff-utils/diffutils 1.3.0
    rewrite-cljs/rewrite-cljs 0.4.4
  refactor-nrepl/refactor-nrepl 2.4.0
  clj-http/clj-http 3.9.1
    commons-codec/commons-codec 1.11
    org.apache.httpcomponents/httpasyncclient 4.1.3
      org.apache.httpcomponents/httpcore-nio 4.4.6
    slingshot/slingshot 0.12.2
    commons-io/commons-io 2.6
    org.apache.httpcomponents/httpcore 4.4.9
    org.apache.httpcomponents/httpclient-cache 4.5.5
    org.apache.httpcomponents/httpclient 4.5.5
      commons-logging/commons-logging 1.2
    potemkin/potemkin 0.4.5
      clj-tuple/clj-tuple 0.2.2
      riddley/riddley 0.1.12
    org.apache.httpcomponents/httpmime 4.5.5
  jonase/eastwood 0.3.3
    org.ow2.asm/asm-all 5.2
    org.clojars.brenton/google-diff-match-patch 0.1
  nrepl/nrepl 0.4.5
    org.clojure/tools.logging 0.4.1
    nrepl/bencode 1.0.0
  org.clojure/test.check 0.10.0-alpha3
  medley/medley 1.0.0
javax.servlet/javax.servlet-api 4.0.1
codox/codox https://github.com/cljdoc/codox e0cd269
---------------------------------------------------------------------------
Going to write analysis result to: /tmp/cljdoc/analysis-out/cljdoc-edn/iced-nrepl/iced-nrepl/0.2.5/cljdoc.edn
Analyzing iced-nrepl clj
exit-code 0 ---------------------------------------------------------------
stdout --------------------------------------------------------------------
Args:
  - namespaces: "nil"
  - jar-contents-path: "/var/folders/8g/glv37m8n73gf4x0fqy5whqjc0000gn/T/cljdoc-iced-nrepl-0.2.55618097671612962740/contents"
  - platf: "clj"
  - file: "/var/folders/8g/glv37m8n73gf4x0fqy5whqjc0000gn/T/iced-nrepl6601481200790582374.edn"
Analysing sources for platform "clj"
Clojure version 1.9.0
ClojureScript version 1.10.520
Codox opts: {:language :clojure, :root-path "/private/var/folders/8g/glv37m8n73gf4x0fqy5whqjc0000gn/T", :source-paths ["/var/folders/8g/glv37m8n73gf4x0fqy5whqjc0000gn/T/cljdoc-iced-nrepl-0.2.55618097671612962740/contents"], :namespaces :all, :exception-handler #object[cljdoc.analysis.impl$codox_config$ex_handler__1076 0x770beef5 "cljdoc.analysis.impl$codox_config$ex_handler__1076@770beef5"], :metadata {}, :writer clojure.core/identity, :exclude-vars #"^(map)?->\p{Upper}"}
Writing /var/folders/8g/glv37m8n73gf4x0fqy5whqjc0000gn/T/iced-nrepl6601481200790582374.edn

---------------------------------------------------------------------------
Analysis succeeded!

err:        74.72 real        71.96 user         3.36 sys

