--shelling--->: ("time" "clojure" "-m" "cljdoc-analyzer.cljdoc-main" "{:project \"iced-nrepl\", :version \"0.2.5\", :jarpath \"http://repo.clojars.org/iced-nrepl/iced-nrepl/0.2.5/iced-nrepl-0.2.5.jar\", :pompath \"http://repo.clojars.org/iced-nrepl/iced-nrepl/0.2.5/iced-nrepl-0.2.5.pom\"}" :dir "./cljdoc-analyzer")
exit: 0
out: 2019-09-27 13:01:27,079 INFO  cljdoc-analyzer.cljdoc-main - args:
{:project "iced-nrepl",
 :version "0.2.5",
 :jarpath
 "http://repo.clojars.org/iced-nrepl/iced-nrepl/0.2.5/iced-nrepl-0.2.5.jar",
 :pompath
 "http://repo.clojars.org/iced-nrepl/iced-nrepl/0.2.5/iced-nrepl-0.2.5.pom"}

2019-09-27 13:01:27,105 INFO  cljdoc-analyzer.runner - args:
{:project "iced-nrepl",
 :version "0.2.5",
 :jarpath
 "http://repo.clojars.org/iced-nrepl/iced-nrepl/0.2.5/iced-nrepl-0.2.5.jar",
 :pompath
 "http://repo.clojars.org/iced-nrepl/iced-nrepl/0.2.5/iced-nrepl-0.2.5.pom",
 :extra-repos nil,
 :namespaces :all,
 :exclude-with [:no-doc :skip-wiki],
 :output-filename
 "/tmp/cljdoc/analysis-out/cljdoc-edn/iced-nrepl/iced-nrepl/0.2.5/cljdoc.edn"}

2019-09-27 13:01:27,115 INFO  cljdoc-analyzer.runner - Downloading http://repo.clojars.org/iced-nrepl/iced-nrepl/0.2.5/iced-nrepl-0.2.5.jar
2019-09-27 13:01:28,173 INFO  cljdoc-analyzer.runner - dependencies for analysis:
org.clojure/clojure 1.9.0
  org.clojure/core.specs.alpha 0.1.24
  org.clojure/spec.alpha 0.1.143
org.clojure/clojurescript 1.10.520
  org.clojure/data.json 0.2.6
  org.clojure/google-closure-library 0.0-20170809-b9c14c6b
    org.clojure/google-closure-library-third-party 0.0-20170809-b9c14c6b
  org.mozilla/rhino 1.7R5
  com.cognitect/transit-clj 0.8.309
    com.cognitect/transit-java 0.8.332
      com.fasterxml.jackson.core/jackson-core 2.8.7
      org.msgpack/msgpack 0.6.12
        com.googlecode.json-simple/json-simple 1.1.1
        org.javassist/javassist 3.18.1-GA
  org.clojure/tools.reader 1.3.0
  com.google.javascript/closure-compiler-unshaded v20180805
    com.google.jsinterop/jsinterop-annotations 1.0.0
    com.google.javascript/closure-compiler-externs v20180805
    com.google.guava/guava 25.1-jre
      com.google.errorprone/error_prone_annotations 2.1.3
      org.codehaus.mojo/animal-sniffer-annotations 1.14
      com.google.j2objc/j2objc-annotations 1.1
      org.checkerframework/checker-qual 2.0.0
      com.google.code.findbugs/jsr305 3.0.2
    args4j/args4j 2.0.26
    com.google.protobuf/protobuf-java 3.0.2
    com.google.code.gson/gson 2.7
cljdoc-analyzer/metagetta /Users/lee/other-proj/cljdoc-analyzer-comparative-test/cljdoc-analyzer/modules/metagetta
fudje/fudje 0.9.7
  org.clojure/math.combinatorics 0.1.1
iced-nrepl /private/var/folders/8g/glv37m8n73gf4x0fqy5whqjc0000gn/T/cljdoc-iced-nrepl-iced-nrepl-0.2.52833507746555712815/downloaded.jar
  cider/orchard 0.3.3
    org.clojure/tools.namespace 0.3.0-alpha4
    org.clojure/java.classpath 0.3.0
    org.tcrawley/dynapath 0.2.5
  cljfmt/cljfmt 0.6.1
    org.clojure/tools.cli 0.3.7
    rewrite-clj/rewrite-clj 0.6.0
    com.googlecode.java-diff-utils/diffutils 1.3.0
    rewrite-cljs/rewrite-cljs 0.4.4
  refactor-nrepl/refactor-nrepl 2.4.0
  clj-http/clj-http 3.9.1
    commons-codec/commons-codec 1.11
    org.apache.httpcomponents/httpasyncclient 4.1.3
      org.apache.httpcomponents/httpcore-nio 4.4.6
    slingshot/slingshot 0.12.2
    commons-io/commons-io 2.6
    org.apache.httpcomponents/httpcore 4.4.9
    org.apache.httpcomponents/httpclient-cache 4.5.5
    org.apache.httpcomponents/httpclient 4.5.5
      commons-logging/commons-logging 1.2
    potemkin/potemkin 0.4.5
      clj-tuple/clj-tuple 0.2.2
      riddley/riddley 0.1.12
    org.apache.httpcomponents/httpmime 4.5.5
  jonase/eastwood 0.3.3
    org.ow2.asm/asm-all 5.2
    org.clojars.brenton/google-diff-match-patch 0.1
  nrepl/nrepl 0.4.5
    org.clojure/tools.logging 0.4.1
    nrepl/bencode 1.0.0
  org.clojure/test.check 0.10.0-alpha3
  medley/medley 1.0.0
javax.servlet/javax.servlet-api 4.0.1

2019-09-27 13:01:28,177 INFO  cljdoc-analyzer.runner - launching metagetta for: iced-nrepl/iced-nrepl languages: :auto-detect
2019-09-27 13:02:37,210 INFO  cljdoc-analyzer.runner - metagetta results:
exit-code 0
stdout:
 Args: {:namespaces :all,
        :root-path
        "/var/folders/8g/glv37m8n73gf4x0fqy5whqjc0000gn/T/cljdoc-iced-nrepl-iced-nrepl-0.2.52833507746555712815/contents",
        :languages :auto-detect,
        :output-filename
        "/var/folders/8g/glv37m8n73gf4x0fqy5whqjc0000gn/T/iced-nrepl-iced-nrepl6984532241534200307.edn",
        :exclude-with [:no-doc :skip-wiki]}
 Java version 1.8.0_222
 Clojure version 1.9.0
 ClojureScript version 1.10.520
 Analyzing for clj
 Done
2019-09-27 13:02:37,349 INFO  cljdoc-analyzer.runner - results file: /tmp/cljdoc/analysis-out/cljdoc-edn/iced-nrepl/iced-nrepl/0.2.5/cljdoc.edn
2019-09-27 13:02:37,349 INFO  cljdoc-analyzer.runner - Analysis succeeded.

err:        72.92 real        69.30 user         3.12 sys

