--shelling--->: ("time" "clojure" "-m" "cljdoc.analysis.runner-ng" "{:project \"io.aviso/pretty\", :version \"0.1.29\", :jarpath \"http://repo.clojars.org/io/aviso/pretty/0.1.29/pretty-0.1.29.jar\", :pompath \"http://repo.clojars.org/io/aviso/pretty/0.1.29/pretty-0.1.29.pom\"}" :dir "./cljdoc/modules/analysis-runner")
exit: 0
out: {:project "io.aviso/pretty",
 :version "0.1.29",
 :jarpath
 "http://repo.clojars.org/io/aviso/pretty/0.1.29/pretty-0.1.29.jar",
 :pompath
 "http://repo.clojars.org/io/aviso/pretty/0.1.29/pretty-0.1.29.pom"}
Downloading remote jar...
http://repo.clojars.org/io/aviso/pretty/0.1.29/pretty-0.1.29.pom nil
Used dependencies for analysis:
org.clojure/clojure 1.9.0
  org.clojure/core.specs.alpha 0.1.24
  org.clojure/spec.alpha 0.1.143
criterium/criterium 0.4.4
org.clojure/tools.logging 0.3.1
leiningen 2.8.1
  leiningen-core/leiningen-core 2.8.1
    org.clojure/tools.macro 0.1.5
    org.slf4j/slf4j-nop 1.7.22
      org.slf4j/slf4j-api 1.7.22
    org.apache.maven.wagon/wagon-http 2.12
      org.slf4j/jcl-over-slf4j 1.7.22
      org.codehaus.plexus/plexus-utils 3.0.24
      org.apache.maven.wagon/wagon-http-shared 2.12
        org.jsoup/jsoup 1.7.2
    com.cemerick/pomegranate 0.4.0
      org.apache.maven.resolver/maven-resolver-transport-wagon 1.0.3
      org.apache.maven.wagon/wagon-provider-api 2.12
      org.apache.maven.resolver/maven-resolver-transport-http 1.0.3
      org.apache.maven.resolver/maven-resolver-transport-file 1.0.3
      org.apache.maven/maven-resolver-provider 3.5.0
        org.codehaus.plexus/plexus-component-annotations 1.7.1
        org.apache.commons/commons-lang3 3.5
        org.apache.maven/maven-model-builder 3.5.0
          org.codehaus.plexus/plexus-interpolation 1.24
          org.apache.maven/maven-builder-support 3.5.0
          org.apache.maven/maven-artifact 3.5.0
        org.apache.maven.resolver/maven-resolver-api 1.0.3
        org.apache.maven.resolver/maven-resolver-spi 1.0.3
        org.apache.maven.resolver/maven-resolver-impl 1.0.3
        org.apache.maven/maven-model 3.5.0
        org.apache.maven.resolver/maven-resolver-util 1.0.3
        org.apache.maven/maven-repository-metadata 3.5.0
      org.apache.httpcomponents/httpclient 4.5.3
        org.apache.httpcomponents/httpcore 4.4.6
        commons-logging/commons-logging 1.2
      org.apache.maven.resolver/maven-resolver-connector-basic 1.0.3
    robert/hooke 1.3.0
    org.tcrawley/dynapath 1.0.0
    org.flatland/classlojure 0.7.1
    com.hypirion/io 0.3.1
  net.cgrand/sjacket 0.1.1
    net.cgrand/regex 1.1.0
  net.cgrand/parsley 0.9.3
  commons-lang/commons-lang 2.6
  commons-io/commons-io 2.5
  bultitude/bultitude 0.2.8
  org.clojure/tools.nrepl 0.2.12
  org.clojure/data.xml 0.0.8
  scout/scout 0.1.1
  stencil/stencil 0.5.0
    quoin/quoin 0.1.2
io.aviso/pretty /private/var/folders/8g/glv37m8n73gf4x0fqy5whqjc0000gn/T/cljdoc-io.aviso-pretty-0.1.297534247121210716586/downloaded.jar
org.clojure/clojurescript 1.10.520
  org.clojure/data.json 0.2.6
  org.clojure/google-closure-library 0.0-20170809-b9c14c6b
    org.clojure/google-closure-library-third-party 0.0-20170809-b9c14c6b
  org.mozilla/rhino 1.7R5
  com.cognitect/transit-clj 0.8.309
    com.cognitect/transit-java 0.8.332
      commons-codec/commons-codec 1.10
      com.fasterxml.jackson.core/jackson-core 2.8.7
      org.msgpack/msgpack 0.6.12
        com.googlecode.json-simple/json-simple 1.1.1
        org.javassist/javassist 3.18.1-GA
  org.clojure/tools.reader 1.3.0
  com.google.javascript/closure-compiler-unshaded v20180805
    com.google.jsinterop/jsinterop-annotations 1.0.0
    com.google.javascript/closure-compiler-externs v20180805
    com.google.guava/guava 25.1-jre
      com.google.errorprone/error_prone_annotations 2.1.3
      org.codehaus.mojo/animal-sniffer-annotations 1.14
      com.google.j2objc/j2objc-annotations 1.1
      org.checkerframework/checker-qual 2.0.0
      com.google.code.findbugs/jsr305 3.0.2
    args4j/args4j 2.0.26
    com.google.protobuf/protobuf-java 3.0.2
    com.google.code.gson/gson 2.7
javax.servlet/javax.servlet-api 4.0.1
codox/codox https://github.com/cljdoc/codox e0cd269
  org.clojure/tools.namespace 0.2.11
---------------------------------------------------------------------------
Going to write analysis result to: /tmp/cljdoc/analysis-out/cljdoc-edn/io.aviso/pretty/0.1.29/cljdoc.edn
Analyzing io.aviso/pretty clj
exit-code 0 ---------------------------------------------------------------
stdout --------------------------------------------------------------------
Args:
  - namespaces: "nil"
  - jar-contents-path: "/var/folders/8g/glv37m8n73gf4x0fqy5whqjc0000gn/T/cljdoc-io.aviso-pretty-0.1.297534247121210716586/contents"
  - platf: "clj"
  - file: "/var/folders/8g/glv37m8n73gf4x0fqy5whqjc0000gn/T/io.aviso-pretty2368022528417821202.edn"
Analysing sources for platform "clj"
Clojure version 1.9.0
ClojureScript version 1.10.520
Codox opts: {:language :clojure, :root-path "/private/var/folders/8g/glv37m8n73gf4x0fqy5whqjc0000gn/T", :source-paths ["/var/folders/8g/glv37m8n73gf4x0fqy5whqjc0000gn/T/cljdoc-io.aviso-pretty-0.1.297534247121210716586/contents"], :namespaces :all, :exception-handler #object[cljdoc.analysis.impl$codox_config$ex_handler__980 0x661d88a "cljdoc.analysis.impl$codox_config$ex_handler__980@661d88a"], :metadata {}, :writer clojure.core/identity, :exclude-vars #"^(map)?->\p{Upper}"}
Writing /var/folders/8g/glv37m8n73gf4x0fqy5whqjc0000gn/T/io.aviso-pretty2368022528417821202.edn

---------------------------------------------------------------------------
Analysis succeeded!

err:        11.62 real        28.75 user         0.99 sys

