--shelling--->: ("time" "clojure" "-m" "cljdoc.analysis.runner-ng" "{:project \"lilactown/hx\", :version \"0.5.2\", :jarpath \"http://repo.clojars.org/lilactown/hx/0.5.2/hx-0.5.2.jar\", :pompath \"http://repo.clojars.org/lilactown/hx/0.5.2/hx-0.5.2.pom\"}" :dir "./cljdoc/modules/analysis-runner")
>> FAILED
exit: 1
out: {:project "lilactown/hx",
 :version "0.5.2",
 :jarpath "http://repo.clojars.org/lilactown/hx/0.5.2/hx-0.5.2.jar",
 :pompath "http://repo.clojars.org/lilactown/hx/0.5.2/hx-0.5.2.pom"}
Downloading remote jar...
http://repo.clojars.org/lilactown/hx/0.5.2/hx-0.5.2.pom nil
Used dependencies for analysis:
org.clojure/clojure 1.10.1
  org.clojure/core.specs.alpha 0.2.44
  org.clojure/spec.alpha 0.2.176
lilactown/hx /private/var/folders/8g/glv37m8n73gf4x0fqy5whqjc0000gn/T/cljdoc-lilactown-hx-0.5.21757408991608189183/downloaded.jar
org.clojure/clojurescript 1.10.520
  org.clojure/data.json 0.2.6
  org.clojure/google-closure-library 0.0-20170809-b9c14c6b
    org.clojure/google-closure-library-third-party 0.0-20170809-b9c14c6b
  org.mozilla/rhino 1.7R5
  com.cognitect/transit-clj 0.8.309
    com.cognitect/transit-java 0.8.332
      commons-codec/commons-codec 1.10
      com.fasterxml.jackson.core/jackson-core 2.8.7
      org.msgpack/msgpack 0.6.12
        com.googlecode.json-simple/json-simple 1.1.1
        org.javassist/javassist 3.18.1-GA
  org.clojure/tools.reader 1.3.0
  com.google.javascript/closure-compiler-unshaded v20180805
    com.google.jsinterop/jsinterop-annotations 1.0.0
    com.google.javascript/closure-compiler-externs v20180805
    com.google.guava/guava 25.1-jre
      com.google.errorprone/error_prone_annotations 2.1.3
      org.codehaus.mojo/animal-sniffer-annotations 1.14
      com.google.j2objc/j2objc-annotations 1.1
      org.checkerframework/checker-qual 2.0.0
      com.google.code.findbugs/jsr305 3.0.2
    args4j/args4j 2.0.26
    com.google.protobuf/protobuf-java 3.0.2
    com.google.code.gson/gson 2.7
javax.servlet/javax.servlet-api 4.0.1
codox/codox https://github.com/cljdoc/codox e0cd269
  org.clojure/tools.namespace 0.2.11
---------------------------------------------------------------------------
Going to write analysis result to: /tmp/cljdoc/analysis-out/cljdoc-edn/lilactown/hx/0.5.2/cljdoc.edn
Analyzing lilactown/hx clj
exit-code 0 ---------------------------------------------------------------
stdout --------------------------------------------------------------------
Args:
  - namespaces: "nil"
  - jar-contents-path: "/var/folders/8g/glv37m8n73gf4x0fqy5whqjc0000gn/T/cljdoc-lilactown-hx-0.5.21757408991608189183/contents"
  - platf: "clj"
  - file: "/var/folders/8g/glv37m8n73gf4x0fqy5whqjc0000gn/T/lilactown-hx8444314075087861358.edn"
Analysing sources for platform "clj"
Clojure version 1.10.1
ClojureScript version 1.10.520
Codox opts: {:language :clojure, :root-path "/private/var/folders/8g/glv37m8n73gf4x0fqy5whqjc0000gn/T", :source-paths ["/var/folders/8g/glv37m8n73gf4x0fqy5whqjc0000gn/T/cljdoc-lilactown-hx-0.5.21757408991608189183/contents"], :namespaces :all, :exception-handler #object[cljdoc.analysis.impl$codox_config$ex_handler__971 0x59ce792e "cljdoc.analysis.impl$codox_config$ex_handler__971@59ce792e"], :metadata {}, :writer clojure.core/identity, :exclude-vars #"^(map)?->\p{Upper}"}
Writing /var/folders/8g/glv37m8n73gf4x0fqy5whqjc0000gn/T/lilactown-hx8444314075087861358.edn

---------------------------------------------------------------------------
Analyzing lilactown/hx cljs
exit-code 1 ---------------------------------------------------------------
stdout --------------------------------------------------------------------

---------------------------------------------------------------------------
stderr --------------------------------------------------------------------
Execution error (ExceptionInfo) at cljs.analyzer/error (analyzer.cljc:751).
No such namespace: react, could not locate react.cljs, react.cljc, or JavaScript source providing "react" in file file:/private/var/folders/8g/glv37m8n73gf4x0fqy5whqjc0000gn/T/cljdoc-lilactown-hx-0.5.21757408991608189183/downloaded.jar!/hx/hooks.cljs

Full report at:
/var/folders/8g/glv37m8n73gf4x0fqy5whqjc0000gn/T/clojure-1652449978253966466.edn

---------------------------------------------------------------------------
Analysis failed with code 1

err:        10.39 real        30.07 user         1.07 sys

