--shelling--->: ("time" "clojure" "-m" "cljdoc-analyzer.cljdoc-main" "{:project \"lilactown/hx\", :version \"0.5.2\", :jarpath \"http://repo.clojars.org/lilactown/hx/0.5.2/hx-0.5.2.jar\", :pompath \"http://repo.clojars.org/lilactown/hx/0.5.2/hx-0.5.2.pom\"}" :dir "./cljdoc-analyzer")
exit: 0
out: 2019-09-27 13:02:50,364 INFO  cljdoc-analyzer.cljdoc-main - args:
{:project "lilactown/hx",
 :version "0.5.2",
 :jarpath "http://repo.clojars.org/lilactown/hx/0.5.2/hx-0.5.2.jar",
 :pompath "http://repo.clojars.org/lilactown/hx/0.5.2/hx-0.5.2.pom"}

2019-09-27 13:02:50,390 INFO  cljdoc-analyzer.runner - args:
{:project "lilactown/hx",
 :version "0.5.2",
 :jarpath "http://repo.clojars.org/lilactown/hx/0.5.2/hx-0.5.2.jar",
 :pompath "http://repo.clojars.org/lilactown/hx/0.5.2/hx-0.5.2.pom",
 :extra-repos nil,
 :namespaces :all,
 :exclude-with [:no-doc :skip-wiki],
 :output-filename
 "/tmp/cljdoc/analysis-out/cljdoc-edn/lilactown/hx/0.5.2/cljdoc.edn"}

2019-09-27 13:02:50,400 INFO  cljdoc-analyzer.runner - Downloading http://repo.clojars.org/lilactown/hx/0.5.2/hx-0.5.2.jar
2019-09-27 13:02:51,071 INFO  cljdoc-analyzer.runner - dependencies for analysis:
org.clojure/clojure 1.10.1
  org.clojure/core.specs.alpha 0.2.44
  org.clojure/spec.alpha 0.2.176
lilactown/hx /private/var/folders/8g/glv37m8n73gf4x0fqy5whqjc0000gn/T/cljdoc-lilactown-hx-0.5.2972043532670457058/downloaded.jar
org.clojure/clojurescript 1.10.520
  org.clojure/data.json 0.2.6
  org.clojure/google-closure-library 0.0-20170809-b9c14c6b
    org.clojure/google-closure-library-third-party 0.0-20170809-b9c14c6b
  org.mozilla/rhino 1.7R5
  com.cognitect/transit-clj 0.8.309
    com.cognitect/transit-java 0.8.332
      commons-codec/commons-codec 1.10
      com.fasterxml.jackson.core/jackson-core 2.8.7
      org.msgpack/msgpack 0.6.12
        com.googlecode.json-simple/json-simple 1.1.1
        org.javassist/javassist 3.18.1-GA
  org.clojure/tools.reader 1.3.0
  com.google.javascript/closure-compiler-unshaded v20180805
    com.google.jsinterop/jsinterop-annotations 1.0.0
    com.google.javascript/closure-compiler-externs v20180805
    com.google.guava/guava 25.1-jre
      com.google.errorprone/error_prone_annotations 2.1.3
      org.codehaus.mojo/animal-sniffer-annotations 1.14
      com.google.j2objc/j2objc-annotations 1.1
      org.checkerframework/checker-qual 2.0.0
      com.google.code.findbugs/jsr305 3.0.2
    args4j/args4j 2.0.26
    com.google.protobuf/protobuf-java 3.0.2
    com.google.code.gson/gson 2.7
cljdoc-analyzer/metagetta /Users/lee/other-proj/cljdoc-analyzer-comparative-test/cljdoc-analyzer/modules/metagetta
  org.clojure/tools.namespace 0.2.11
javax.servlet/javax.servlet-api 4.0.1

2019-09-27 13:02:51,074 INFO  cljdoc-analyzer.runner - launching metagetta for: lilactown/hx languages: :auto-detect
2019-09-27 13:02:54,974 INFO  cljdoc-analyzer.runner - metagetta results:
exit-code 0
stdout:
 Args: {:namespaces :all,
        :root-path
        "/var/folders/8g/glv37m8n73gf4x0fqy5whqjc0000gn/T/cljdoc-lilactown-hx-0.5.2972043532670457058/contents",
        :languages :auto-detect,
        :output-filename
        "/var/folders/8g/glv37m8n73gf4x0fqy5whqjc0000gn/T/lilactown-hx6113723004238285564.edn",
        :exclude-with [:no-doc :skip-wiki]}
 Java version 1.8.0_222
 Clojure version 1.10.1
 ClojureScript version 1.10.520
 Analyzing for clj
 Analyzing for cljs
 Excluding var hx.hooks/->Atomified
 Done
2019-09-27 13:02:55,022 INFO  cljdoc-analyzer.runner - results file: /tmp/cljdoc/analysis-out/cljdoc-edn/lilactown/hx/0.5.2/cljdoc.edn
2019-09-27 13:02:55,022 INFO  cljdoc-analyzer.runner - Analysis succeeded.

err:         7.34 real        24.40 user         0.83 sys

