--shelling--->: ("time" "clojure" "-m" "cljdoc.analysis.runner-ng" "{:project \"lread/rewrite-cljs-playground\", :version \"1.0.0-alpha\", :jarpath \"/Users/lee/.m2/repository/lread/rewrite-cljs-playground/1.0.0-alpha/rewrite-cljs-playground-1.0.0-alpha.jar\", :pompath \"/Users/lee/.m2/repository/lread/rewrite-cljs-playground/1.0.0-alpha/rewrite-cljs-playground-1.0.0-alpha.pom\"}" :dir "./cljdoc/modules/analysis-runner")
exit: 0
out: {:project "lread/rewrite-cljs-playground",
 :version "1.0.0-alpha",
 :jarpath
 "/Users/lee/.m2/repository/lread/rewrite-cljs-playground/1.0.0-alpha/rewrite-cljs-playground-1.0.0-alpha.jar",
 :pompath
 "/Users/lee/.m2/repository/lread/rewrite-cljs-playground/1.0.0-alpha/rewrite-cljs-playground-1.0.0-alpha.pom"}
/Users/lee/.m2/repository/lread/rewrite-cljs-playground/1.0.0-alpha/rewrite-cljs-playground-1.0.0-alpha.pom nil
Used dependencies for analysis:
org.clojure/clojure 1.10.1
  org.clojure/core.specs.alpha 0.2.44
  org.clojure/spec.alpha 0.2.176
org.clojure/clojurescript 1.10.520
  org.clojure/data.json 0.2.6
  org.clojure/google-closure-library 0.0-20170809-b9c14c6b
    org.clojure/google-closure-library-third-party 0.0-20170809-b9c14c6b
  org.mozilla/rhino 1.7R5
  com.cognitect/transit-clj 0.8.309
    com.cognitect/transit-java 0.8.332
      commons-codec/commons-codec 1.10
      com.fasterxml.jackson.core/jackson-core 2.8.7
      org.msgpack/msgpack 0.6.12
        com.googlecode.json-simple/json-simple 1.1.1
        org.javassist/javassist 3.18.1-GA
  com.google.javascript/closure-compiler-unshaded v20180805
    com.google.jsinterop/jsinterop-annotations 1.0.0
    com.google.javascript/closure-compiler-externs v20180805
    com.google.guava/guava 25.1-jre
      com.google.errorprone/error_prone_annotations 2.1.3
      org.codehaus.mojo/animal-sniffer-annotations 1.14
      com.google.j2objc/j2objc-annotations 1.1
      org.checkerframework/checker-qual 2.0.0
      com.google.code.findbugs/jsr305 3.0.2
    args4j/args4j 2.0.26
    com.google.protobuf/protobuf-java 3.0.2
    com.google.code.gson/gson 2.7
lread/rewrite-cljs-playground /Users/lee/.m2/repository/lread/rewrite-cljs-playground/1.0.0-alpha/rewrite-cljs-playground-1.0.0-alpha.jar
  org.clojure/tools.reader 1.3.2
javax.servlet/javax.servlet-api 4.0.1
codox/codox https://github.com/cljdoc/codox e0cd269
  org.clojure/tools.namespace 0.2.11
---------------------------------------------------------------------------
Going to write analysis result to: /tmp/cljdoc/analysis-out/cljdoc-edn/lread/rewrite-cljs-playground/1.0.0-alpha/cljdoc.edn
Analyzing lread/rewrite-cljs-playground clj
exit-code 0 ---------------------------------------------------------------
stdout --------------------------------------------------------------------
Args:
  - namespaces: "nil"
  - jar-contents-path: "/var/folders/8g/glv37m8n73gf4x0fqy5whqjc0000gn/T/cljdoc-lread-rewrite-cljs-playground-1.0.0-alpha5271202654813006704/contents"
  - platf: "clj"
  - file: "/var/folders/8g/glv37m8n73gf4x0fqy5whqjc0000gn/T/lread-rewrite-cljs-playground8113857401535880852.edn"
Analysing sources for platform "clj"
Clojure version 1.10.1
ClojureScript version 1.10.520
Codox opts: {:language :clojure, :root-path "/private/var/folders/8g/glv37m8n73gf4x0fqy5whqjc0000gn/T", :source-paths ["/var/folders/8g/glv37m8n73gf4x0fqy5whqjc0000gn/T/cljdoc-lread-rewrite-cljs-playground-1.0.0-alpha5271202654813006704/contents"], :namespaces :all, :exception-handler #object[cljdoc.analysis.impl$codox_config$ex_handler__971 0x59ce792e "cljdoc.analysis.impl$codox_config$ex_handler__971@59ce792e"], :metadata {}, :writer clojure.core/identity, :exclude-vars #"^(map)?->\p{Upper}"}
Writing /var/folders/8g/glv37m8n73gf4x0fqy5whqjc0000gn/T/lread-rewrite-cljs-playground8113857401535880852.edn

---------------------------------------------------------------------------
Analyzing lread/rewrite-cljs-playground cljs
exit-code 0 ---------------------------------------------------------------
stdout --------------------------------------------------------------------
Args:
  - namespaces: "nil"
  - jar-contents-path: "/var/folders/8g/glv37m8n73gf4x0fqy5whqjc0000gn/T/cljdoc-lread-rewrite-cljs-playground-1.0.0-alpha5271202654813006704/contents"
  - platf: "cljs"
  - file: "/var/folders/8g/glv37m8n73gf4x0fqy5whqjc0000gn/T/lread-rewrite-cljs-playground3607927138446389851.edn"
Analysing sources for platform "cljs"
Clojure version 1.10.1
ClojureScript version 1.10.520
Codox opts: {:language :clojurescript, :root-path "/private/var/folders/8g/glv37m8n73gf4x0fqy5whqjc0000gn/T", :source-paths ["/var/folders/8g/glv37m8n73gf4x0fqy5whqjc0000gn/T/cljdoc-lread-rewrite-cljs-playground-1.0.0-alpha5271202654813006704/contents"], :namespaces :all, :exception-handler #object[cljdoc.analysis.impl$codox_config$ex_handler__971 0x661d88a "cljdoc.analysis.impl$codox_config$ex_handler__971@661d88a"], :metadata {}, :writer clojure.core/identity, :exclude-vars #"^(map)?->\p{Upper}"}
Writing /var/folders/8g/glv37m8n73gf4x0fqy5whqjc0000gn/T/lread-rewrite-cljs-playground3607927138446389851.edn

---------------------------------------------------------------------------
Analysis succeeded!

err:        30.39 real        73.18 user         3.78 sys

