--shelling--->: ("time" "clojure" "-m" "cljdoc.analysis.runner-ng" "{:project \"metosin/compojure-api\", :version \"2.0.0-alpha27\", :jarpath \"http://repo.clojars.org/metosin/compojure-api/2.0.0-alpha27/compojure-api-2.0.0-alpha27.jar\", :pompath \"http://repo.clojars.org/metosin/compojure-api/2.0.0-alpha27/compojure-api-2.0.0-alpha27.pom\"}" :dir "./cljdoc/modules/analysis-runner")
exit: 0
out: {:project "metosin/compojure-api",
 :version "2.0.0-alpha27",
 :jarpath
 "http://repo.clojars.org/metosin/compojure-api/2.0.0-alpha27/compojure-api-2.0.0-alpha27.jar",
 :pompath
 "http://repo.clojars.org/metosin/compojure-api/2.0.0-alpha27/compojure-api-2.0.0-alpha27.pom"}
Downloading remote jar...
http://repo.clojars.org/metosin/compojure-api/2.0.0-alpha27/compojure-api-2.0.0-alpha27.pom nil
Used dependencies for analysis:
org.clojure/clojure 1.9.0
  org.clojure/core.specs.alpha 0.1.24
criterium/criterium 0.4.4
midje/midje 1.9.4
  marick/suchwow 6.0.2
    commons-codec/commons-codec 1.11
    environ/environ 1.1.0
  colorize/colorize 0.1.1
  mvxcvi/puget 1.0.2
    mvxcvi/arrangement 1.1.1
  org.clojure/tools.macro 0.1.5
  io.aviso/pretty 0.1.35
  slingshot/slingshot 0.12.2
  org.clojure/tools.namespace 0.3.0-alpha4
    org.clojure/java.classpath 0.2.3
  fipp/fipp 0.6.13
  clj-time/clj-time 0.14.4
    joda-time/joda-time 2.9.9
  flare/flare 0.2.9
    org.clojars.brenton/google-diff-match-patch 0.1
  org.clojure/core.unify 0.5.7
  org.clojure/core.rrb-vector 0.0.13
  org.clojure/math.combinatorics 0.1.4
  org.tcrawley/dynapath 1.0.0
  org.clojure/test.check 0.10.0-alpha3
org.clojure/clojurescript 1.10.520
  org.clojure/data.json 0.2.6
  org.clojure/google-closure-library 0.0-20170809-b9c14c6b
    org.clojure/google-closure-library-third-party 0.0-20170809-b9c14c6b
  org.mozilla/rhino 1.7R5
  org.clojure/tools.reader 1.3.0
  com.google.javascript/closure-compiler-unshaded v20180805
    com.google.jsinterop/jsinterop-annotations 1.0.0
    com.google.javascript/closure-compiler-externs v20180805
    com.google.guava/guava 25.1-jre
      com.google.errorprone/error_prone_annotations 2.1.3
      org.codehaus.mojo/animal-sniffer-annotations 1.14
      com.google.j2objc/j2objc-annotations 1.1
      org.checkerframework/checker-qual 2.0.0
      com.google.code.findbugs/jsr305 3.0.2
    args4j/args4j 2.0.26
    com.google.protobuf/protobuf-java 3.0.2
    com.google.code.gson/gson 2.7
metosin/compojure-api /private/var/folders/8g/glv37m8n73gf4x0fqy5whqjc0000gn/T/cljdoc-metosin-compojure-api-2.0.0-alpha272974442133028836585/downloaded.jar
  metosin/ring-http-response 0.9.0
  metosin/muuntaja 0.6.1
    com.cognitect/transit-clj 0.8.313
      com.cognitect/transit-java 0.8.337
        org.msgpack/msgpack 0.6.12
          com.googlecode.json-simple/json-simple 1.1.1
          org.javassist/javassist 3.18.1-GA
        javax.xml.bind/jaxb-api 2.3.0
  metosin/ring-swagger-ui 2.2.10
  compojure/compojure 1.6.1
    clout/clout 2.2.1
      instaparse/instaparse 1.4.8
    medley/medley 1.0.0
  metosin/spec-tools 0.8.0
    org.clojure/spec.alpha 0.2.176
  metosin/ring-swagger 0.26.1
    metosin/scjsv 0.4.1
      com.github.java-json-tools/json-schema-validator 2.2.8
        javax.mail/mailapi 1.4.3
          javax.activation/activation 1.1
        com.googlecode.libphonenumber/libphonenumber 8.0.0
        com.github.java-json-tools/json-schema-core 1.2.8
          com.github.fge/uri-template 0.9
          com.github.fge/jackson-coreutils 1.8
            com.github.fge/msg-simple 1.1
              com.github.fge/btf 1.2
        net.sf.jopt-simple/jopt-simple 5.0.3
    org.tobereplaced/lettercase 1.0.0
    frankiesardo/linked 1.3.0
    metosin/schema-tools 0.10.3
    cheshire/cheshire 5.8.0
      com.fasterxml.jackson.dataformat/jackson-dataformat-cbor 2.9.0
      tigris/tigris 0.1.1
      com.fasterxml.jackson.dataformat/jackson-dataformat-smile 2.9.0
  com.fasterxml.jackson.datatype/jackson-datatype-joda 2.9.7
    com.fasterxml.jackson.core/jackson-core 2.9.7
    com.fasterxml.jackson.core/jackson-annotations 2.9.0
  prismatic/plumbing 0.5.5
    de.kotka/lazymap 3.1.0
  prismatic/schema 1.1.9
  ikitommi/linked 1.3.1-alpha1
  potemkin/potemkin 0.4.5
    clj-tuple/clj-tuple 0.2.2
  ring/ring-core 1.7.0
    commons-fileupload/commons-fileupload 1.3.3
    commons-io/commons-io 2.6
    crypto-random/crypto-random 1.2.0
    ring/ring-codec 1.1.1
    crypto-equality/crypto-equality 1.0.0
com.stuartsierra/component 0.3.2
  com.stuartsierra/dependency 0.2.0
org.immutant/immutant 2.1.10
  org.immutant/messaging 2.1.10
    org.projectodd.wunderboss/wunderboss-messaging-hornetq 0.13.1
      org.projectodd.wunderboss/wunderboss-messaging 0.13.1
        org.jboss.spec.javax.jms/jboss-jms-api_2.0_spec 1.0.0.Final
      org.hornetq/hornetq-jms-server 2.4.5.Final
        org.jboss.naming/jnpserver 5.0.3.GA
          org.jboss/jboss-common-core 2.2.10.GA
        org.hornetq/hornetq-jms-client 2.4.5.Final
          javax.inject/javax.inject 1
      org.hornetq/hornetq-server 2.4.5.Final
        org.hornetq/hornetq-commons 2.4.5.Final
        org.hornetq/hornetq-journal 2.4.5.Final
          org.hornetq/hornetq-native 2.4.5.Final
        org.hornetq/hornetq-core-client 2.4.5.Final
        io.netty/netty-all 4.0.13.Final
  org.immutant/caching 2.1.10
    org.immutant/core 2.1.10
    org.projectodd.wunderboss/wunderboss-caching 0.13.1
      org.infinispan/infinispan-core 7.2.3.Final
        org.jboss.marshalling/jboss-marshalling-osgi 1.4.10.Final
        org.jgroups/jgroups 3.6.2.Final
        org.jboss.spec.javax.transaction/jboss-transaction-api_1.1_spec 1.0.1.Final
        org.infinispan/infinispan-commons 7.2.3.Final
  org.immutant/transactions 2.1.10
    org.projectodd.wunderboss/wunderboss-transactions 0.13.1
      org.jboss/jboss-transaction-spi 7.1.0.Final
        org.jboss.spec.javax.transaction/jboss-transaction-api_1.2_spec 1.0.0.Alpha3
        org.jboss.spec.javax.resource/jboss-connector-api_1.5_spec 1.0.0.Final
      javax.transaction/jta 1.1
      org.jboss.narayana.jta/narayana-jta 5.0.3.Final
        org.jboss.spec.javax.interceptor/jboss-interceptors-api_1.2_spec 1.0.0.Final
  org.projectodd.wunderboss/wunderboss-clojure 0.13.1
    org.projectodd.wunderboss/wunderboss-core 0.13.1
      org.jboss.logging/jboss-logging 3.2.1.Final
      ch.qos.logback/logback-classic 1.1.3
        ch.qos.logback/logback-core 1.1.3
        org.slf4j/slf4j-api 1.7.7
  org.immutant/web 2.1.10
    org.projectodd.wunderboss/wunderboss-web-undertow 0.13.1
      io.undertow/undertow-core 1.4.14.Final
        org.jboss.xnio/xnio-nio 3.3.6.Final
        org.jboss.xnio/xnio-api 3.3.6.Final
      org.projectodd.wunderboss/wunderboss-web 0.13.1
        org.jboss.spec.javax.websocket/jboss-websocket-api_1.1_spec 1.1.0.Final
        org.jboss.spec.javax.servlet/jboss-servlet-api_3.1_spec 1.0.0.Final
      io.undertow/undertow-websockets-jsr 1.4.14.Final
      io.undertow/undertow-servlet 1.4.14.Final
        org.jboss.spec.javax.annotation/jboss-annotations-api_1.2_spec 1.0.0.Final
  org.immutant/scheduling 2.1.10
    org.projectodd.wunderboss/wunderboss-scheduling 0.13.1
      org.quartz-scheduler/quartz 2.2.1
peridot/peridot 0.5.1
  ring-mock/ring-mock 0.1.5
  org.apache.httpcomponents/httpcore 4.4.5
  org.apache.httpcomponents/httpmime 4.5.1
    org.apache.httpcomponents/httpclient 4.5.1
  org.clojure/data.codec 0.1.0
reloaded.repl/reloaded.repl 0.2.4
  suspendable/suspendable 0.1.1
metosin/muuntaja-msgpack 0.6.1
  clojure-msgpack/clojure-msgpack 1.2.1
metosin/muuntaja-yaml 0.6.1
  circleci/clj-yaml 0.5.6
    org.flatland/ordered 1.5.5
      org.flatland/useful 0.9.0
    org.yaml/snakeyaml 1.13
javax.servlet/javax.servlet-api 4.0.1
codox/codox https://github.com/cljdoc/codox e0cd269
com.rpl/specter 1.1.1
  riddley/riddley 0.1.12
metosin/jsonista 0.2.2
  com.fasterxml.jackson.core/jackson-databind 2.9.7
  org.ow2.asm/asm 5.1
  virgil/virgil 0.1.6
  com.fasterxml.jackson.datatype/jackson-datatype-jsr310 2.9.7
org.clojure/core.async 0.4.474
  org.clojure/tools.analyzer.jvm 0.7.0
    org.clojure/tools.analyzer 0.6.9
    org.clojure/core.memoize 0.5.9
      org.clojure/core.cache 0.6.5
        org.clojure/data.priority-map 0.0.7
    org.ow2.asm/asm-all 4.2
http-kit/http-kit 2.3.0
---------------------------------------------------------------------------
Going to write analysis result to: /tmp/cljdoc/analysis-out/cljdoc-edn/metosin/compojure-api/2.0.0-alpha27/cljdoc.edn
Analyzing metosin/compojure-api clj
exit-code 0 ---------------------------------------------------------------
stdout --------------------------------------------------------------------
Args:
  - namespaces: "nil"
  - jar-contents-path: "/var/folders/8g/glv37m8n73gf4x0fqy5whqjc0000gn/T/cljdoc-metosin-compojure-api-2.0.0-alpha272974442133028836585/contents"
  - platf: "clj"
  - file: "/var/folders/8g/glv37m8n73gf4x0fqy5whqjc0000gn/T/metosin-compojure-api1725619855966555101.edn"
Analysing sources for platform "clj"
Clojure version 1.9.0
ClojureScript version 1.10.520
Codox opts: {:language :clojure, :root-path "/private/var/folders/8g/glv37m8n73gf4x0fqy5whqjc0000gn/T", :source-paths ["/var/folders/8g/glv37m8n73gf4x0fqy5whqjc0000gn/T/cljdoc-metosin-compojure-api-2.0.0-alpha272974442133028836585/contents"], :namespaces :all, :exception-handler #object[cljdoc.analysis.impl$codox_config$ex_handler__1075 0x2ddb3ae8 "cljdoc.analysis.impl$codox_config$ex_handler__1075@2ddb3ae8"], :metadata {}, :writer clojure.core/identity, :exclude-vars #"^(map)?->\p{Upper}"}
WARN clojure.tools.logging not found on classpath, compojure.api logging to console.
Excluding var compojure.api.coercion.core/->CoercionError
Excluding var compojure.api.coercion.core/map->CoercionError
Excluding var compojure.api.routes/->Route
Excluding var compojure.api.routes/map->Route
Excluding var compojure.api.coercion.spec/->SpecCoercion
Excluding var compojure.api.coercion.spec/map->SpecCoercion
Excluding var compojure.api.coercion.schema/->SchemaCoercion
Excluding var compojure.api.coercion.schema/map->SchemaCoercion
Writing /var/folders/8g/glv37m8n73gf4x0fqy5whqjc0000gn/T/metosin-compojure-api1725619855966555101.edn

---------------------------------------------------------------------------
Analysis succeeded!

err:        22.54 real        59.08 user         1.66 sys

