--shelling--->: ("time" "clojure" "-m" "cljdoc-analyzer.cljdoc-main" "{:project \"metosin/reitit\", :version \"0.3.9\", :jarpath \"http://repo.clojars.org/metosin/reitit/0.3.9/reitit-0.3.9.jar\", :pompath \"http://repo.clojars.org/metosin/reitit/0.3.9/reitit-0.3.9.pom\"}" :dir "./cljdoc-analyzer")
exit: 0
out: 2019-09-27 13:04:00,895 INFO  cljdoc-analyzer.cljdoc-main - args:
{:project "metosin/reitit",
 :version "0.3.9",
 :jarpath
 "http://repo.clojars.org/metosin/reitit/0.3.9/reitit-0.3.9.jar",
 :pompath
 "http://repo.clojars.org/metosin/reitit/0.3.9/reitit-0.3.9.pom"}

2019-09-27 13:04:00,925 INFO  cljdoc-analyzer.runner - args:
{:project "metosin/reitit",
 :version "0.3.9",
 :jarpath
 "http://repo.clojars.org/metosin/reitit/0.3.9/reitit-0.3.9.jar",
 :pompath
 "http://repo.clojars.org/metosin/reitit/0.3.9/reitit-0.3.9.pom",
 :extra-repos nil,
 :namespaces :all,
 :exclude-with [:no-doc :skip-wiki],
 :output-filename
 "/tmp/cljdoc/analysis-out/cljdoc-edn/metosin/reitit/0.3.9/cljdoc.edn"}

2019-09-27 13:04:00,935 INFO  cljdoc-analyzer.runner - Downloading http://repo.clojars.org/metosin/reitit/0.3.9/reitit-0.3.9.jar
2019-09-27 13:04:02,083 INFO  cljdoc-analyzer.runner - dependencies for analysis:
org.clojure/clojure 1.10.1
  org.clojure/core.specs.alpha 0.2.44
  org.clojure/spec.alpha 0.2.176
org.clojure/clojurescript 1.10.520
  org.clojure/data.json 0.2.6
  org.clojure/google-closure-library 0.0-20170809-b9c14c6b
    org.clojure/google-closure-library-third-party 0.0-20170809-b9c14c6b
  org.mozilla/rhino 1.7R5
  org.clojure/tools.reader 1.3.0
  com.google.javascript/closure-compiler-unshaded v20180805
    com.google.jsinterop/jsinterop-annotations 1.0.0
    com.google.javascript/closure-compiler-externs v20180805
    com.google.guava/guava 25.1-jre
      com.google.errorprone/error_prone_annotations 2.1.3
      org.codehaus.mojo/animal-sniffer-annotations 1.14
      com.google.j2objc/j2objc-annotations 1.1
      org.checkerframework/checker-qual 2.0.0
      com.google.code.findbugs/jsr305 3.0.2
    args4j/args4j 2.0.26
    com.google.protobuf/protobuf-java 3.0.2
    com.google.code.gson/gson 2.7
cljdoc-analyzer/metagetta /Users/lee/other-proj/cljdoc-analyzer-comparative-test/cljdoc-analyzer/modules/metagetta
  org.clojure/tools.namespace 0.2.11
javax.servlet/javax.servlet-api 4.0.1
metosin/reitit /private/var/folders/8g/glv37m8n73gf4x0fqy5whqjc0000gn/T/cljdoc-metosin-reitit-0.3.97780157137538663448/downloaded.jar
  metosin/reitit-middleware 0.3.9
    metosin/muuntaja 0.6.4
      com.cognitect/transit-clj 0.8.313
        com.cognitect/transit-java 0.8.337
          org.msgpack/msgpack 0.6.12
            com.googlecode.json-simple/json-simple 1.1.1
            org.javassist/javassist 3.18.1-GA
          javax.xml.bind/jaxb-api 2.3.0
    lambdaisland/deep-diff 0.0-47
      mvxcvi/puget 1.1.2
      mvxcvi/arrangement 1.2.0
      org.clojure/core.rrb-vector 0.0.14
      tech.droit/clj-diff 1.0.1
  metosin/reitit-swagger 0.3.9
  metosin/reitit-ring 0.3.9
    ring/ring-core 1.7.1
      commons-fileupload/commons-fileupload 1.3.3
      commons-io/commons-io 2.6
      clj-time/clj-time 0.14.3
        joda-time/joda-time 2.9.9
      crypto-random/crypto-random 1.2.0
      ring/ring-codec 1.1.1
        commons-codec/commons-codec 1.11
      crypto-equality/crypto-equality 1.0.0
  metosin/reitit-core 0.3.9
    meta-merge/meta-merge 1.0.0
  metosin/reitit-schema 0.3.9
    metosin/schema-tools 0.12.0
      prismatic/schema 1.1.11
  metosin/reitit-sieppari 0.3.9
    metosin/sieppari 0.0.0-alpha7
  metosin/reitit-http 0.3.9
  metosin/reitit-frontend 0.3.9
  metosin/reitit-spec 0.3.9
    metosin/spec-tools 0.9.3
      com.fasterxml.jackson.core/jackson-databind 2.9.9
        com.fasterxml.jackson.core/jackson-core 2.9.9
        com.fasterxml.jackson.core/jackson-annotations 2.9.0
  metosin/reitit-swagger-ui 0.3.9
    metosin/ring-swagger-ui 2.2.10
    metosin/jsonista 0.2.3
      com.fasterxml.jackson.datatype/jackson-datatype-jsr310 2.9.9
  metosin/reitit-dev 0.3.9
    expound/expound 0.7.2
    fipp/fipp 0.6.18
    com.bhauman/spell-spec 0.1.1
  metosin/reitit-interceptors 0.3.9

2019-09-27 13:04:02,085 INFO  cljdoc-analyzer.runner - launching metagetta for: metosin/reitit languages: :auto-detect
2019-09-27 13:04:04,834 INFO  cljdoc-analyzer.runner - metagetta results:
exit-code 0
stdout:
 Args: {:namespaces :all,
        :root-path
        "/var/folders/8g/glv37m8n73gf4x0fqy5whqjc0000gn/T/cljdoc-metosin-reitit-0.3.97780157137538663448/contents",
        :languages :auto-detect,
        :output-filename
        "/var/folders/8g/glv37m8n73gf4x0fqy5whqjc0000gn/T/metosin-reitit1025190378085900635.edn",
        :exclude-with [:no-doc :skip-wiki]}
 Java version 1.8.0_222
 Clojure version 1.10.1
 ClojureScript version 1.10.520
 Analyzing for clj
 Done
2019-09-27 13:04:04,888 INFO  cljdoc-analyzer.runner - results file: /tmp/cljdoc/analysis-out/cljdoc-edn/metosin/reitit/0.3.9/cljdoc.edn
2019-09-27 13:04:04,888 INFO  cljdoc-analyzer.runner - Analysis succeeded.

err:         6.76 real        21.13 user         0.76 sys

