--shelling--->: ("time" "clojure" "-m" "cljdoc-analyzer.cljdoc-main" "{:project \"orchestra\", :version \"2018.11.07-1\", :jarpath \"http://repo.clojars.org/orchestra/orchestra/2018.11.07-1/orchestra-2018.11.07-1.jar\", :pompath \"http://repo.clojars.org/orchestra/orchestra/2018.11.07-1/orchestra-2018.11.07-1.pom\"}" :dir "./cljdoc-analyzer")
exit: 0
out: 2019-09-27 13:04:07,671 INFO  cljdoc-analyzer.cljdoc-main - args:
{:project "orchestra",
 :version "2018.11.07-1",
 :jarpath
 "http://repo.clojars.org/orchestra/orchestra/2018.11.07-1/orchestra-2018.11.07-1.jar",
 :pompath
 "http://repo.clojars.org/orchestra/orchestra/2018.11.07-1/orchestra-2018.11.07-1.pom"}

2019-09-27 13:04:07,697 INFO  cljdoc-analyzer.runner - args:
{:project "orchestra",
 :version "2018.11.07-1",
 :jarpath
 "http://repo.clojars.org/orchestra/orchestra/2018.11.07-1/orchestra-2018.11.07-1.jar",
 :pompath
 "http://repo.clojars.org/orchestra/orchestra/2018.11.07-1/orchestra-2018.11.07-1.pom",
 :extra-repos nil,
 :namespaces :all,
 :exclude-with [:no-doc :skip-wiki],
 :output-filename
 "/tmp/cljdoc/analysis-out/cljdoc-edn/orchestra/orchestra/2018.11.07-1/cljdoc.edn"}

2019-09-27 13:04:07,708 INFO  cljdoc-analyzer.runner - Downloading http://repo.clojars.org/orchestra/orchestra/2018.11.07-1/orchestra-2018.11.07-1.jar
2019-09-27 13:04:08,439 INFO  cljdoc-analyzer.runner - dependencies for analysis:
org.clojure/clojure 1.9.0
  org.clojure/core.specs.alpha 0.1.24
org.clojure/spec.alpha 0.2.176
org.clojure/clojurescript 1.10.439
  org.clojure/data.json 0.2.6
  org.clojure/google-closure-library 0.0-20170809-b9c14c6b
    org.clojure/google-closure-library-third-party 0.0-20170809-b9c14c6b
  org.mozilla/rhino 1.7R5
  com.cognitect/transit-clj 0.8.309
    com.cognitect/transit-java 0.8.332
      commons-codec/commons-codec 1.10
      com.fasterxml.jackson.core/jackson-core 2.8.7
      org.msgpack/msgpack 0.6.12
        com.googlecode.json-simple/json-simple 1.1.1
        org.javassist/javassist 3.18.1-GA
  org.clojure/tools.reader 1.3.0
  com.google.javascript/closure-compiler-unshaded v20180805
    com.google.jsinterop/jsinterop-annotations 1.0.0
    com.google.javascript/closure-compiler-externs v20180805
    com.google.guava/guava 25.1-jre
      com.google.errorprone/error_prone_annotations 2.1.3
      org.codehaus.mojo/animal-sniffer-annotations 1.14
      com.google.j2objc/j2objc-annotations 1.1
      org.checkerframework/checker-qual 2.0.0
      com.google.code.findbugs/jsr305 3.0.2
    args4j/args4j 2.0.26
    com.google.protobuf/protobuf-java 3.0.2
    com.google.code.gson/gson 2.7
cljdoc-analyzer/metagetta /Users/lee/other-proj/cljdoc-analyzer-comparative-test/cljdoc-analyzer/modules/metagetta
  org.clojure/tools.namespace 0.2.11
orchestra /private/var/folders/8g/glv37m8n73gf4x0fqy5whqjc0000gn/T/cljdoc-orchestra-orchestra-2018.11.07-12132499615922471999/downloaded.jar
lein-doo/lein-doo 0.1.10
  doo/doo 0.1.10
    karma-reporter/karma-reporter 2.1.2
      fipp/fipp 0.6.7
        org.clojure/core.rrb-vector 0.0.11
    meta-merge/meta-merge 1.0.0
javax.servlet/javax.servlet-api 4.0.1

2019-09-27 13:04:08,443 INFO  cljdoc-analyzer.runner - launching metagetta for: orchestra/orchestra languages: :auto-detect
2019-09-27 13:04:14,165 INFO  cljdoc-analyzer.runner - metagetta results:
exit-code 0
stdout:
 Args: {:namespaces :all,
        :root-path
        "/var/folders/8g/glv37m8n73gf4x0fqy5whqjc0000gn/T/cljdoc-orchestra-orchestra-2018.11.07-12132499615922471999/contents",
        :languages :auto-detect,
        :output-filename
        "/var/folders/8g/glv37m8n73gf4x0fqy5whqjc0000gn/T/orchestra-orchestra2460593737661968998.edn",
        :exclude-with [:no-doc :skip-wiki]}
 Java version 1.8.0_222
 Clojure version 1.9.0
 ClojureScript version 1.10.439
 Analyzing for clj
 Analyzing for cljs
 Done
2019-09-27 13:04:14,249 INFO  cljdoc-analyzer.runner - results file: /tmp/cljdoc/analysis-out/cljdoc-edn/orchestra/orchestra/2018.11.07-1/cljdoc.edn
2019-09-27 13:04:14,249 INFO  cljdoc-analyzer.runner - Analysis succeeded.

err:         9.34 real        32.39 user         1.01 sys

