--shelling--->: ("time" "clojure" "-m" "cljdoc.analysis.runner-ng" "{:project \"orchestra\", :version \"2018.11.07-1\", :jarpath \"http://repo.clojars.org/orchestra/orchestra/2018.11.07-1/orchestra-2018.11.07-1.jar\", :pompath \"http://repo.clojars.org/orchestra/orchestra/2018.11.07-1/orchestra-2018.11.07-1.pom\"}" :dir "./cljdoc/modules/analysis-runner")
exit: 0
out: {:project "orchestra",
 :version "2018.11.07-1",
 :jarpath
 "http://repo.clojars.org/orchestra/orchestra/2018.11.07-1/orchestra-2018.11.07-1.jar",
 :pompath
 "http://repo.clojars.org/orchestra/orchestra/2018.11.07-1/orchestra-2018.11.07-1.pom"}
Downloading remote jar...
http://repo.clojars.org/orchestra/orchestra/2018.11.07-1/orchestra-2018.11.07-1.pom nil
Used dependencies for analysis:
org.clojure/clojure 1.9.0
  org.clojure/core.specs.alpha 0.1.24
org.clojure/spec.alpha 0.2.176
org.clojure/clojurescript 1.10.439
  org.clojure/data.json 0.2.6
  org.clojure/google-closure-library 0.0-20170809-b9c14c6b
    org.clojure/google-closure-library-third-party 0.0-20170809-b9c14c6b
  org.mozilla/rhino 1.7R5
  com.cognitect/transit-clj 0.8.309
    com.cognitect/transit-java 0.8.332
      commons-codec/commons-codec 1.10
      com.fasterxml.jackson.core/jackson-core 2.8.7
      org.msgpack/msgpack 0.6.12
        com.googlecode.json-simple/json-simple 1.1.1
        org.javassist/javassist 3.18.1-GA
  org.clojure/tools.reader 1.3.0
  com.google.javascript/closure-compiler-unshaded v20180805
    com.google.jsinterop/jsinterop-annotations 1.0.0
    com.google.javascript/closure-compiler-externs v20180805
    com.google.guava/guava 25.1-jre
      com.google.errorprone/error_prone_annotations 2.1.3
      org.codehaus.mojo/animal-sniffer-annotations 1.14
      com.google.j2objc/j2objc-annotations 1.1
      org.checkerframework/checker-qual 2.0.0
      com.google.code.findbugs/jsr305 3.0.2
    args4j/args4j 2.0.26
    com.google.protobuf/protobuf-java 3.0.2
    com.google.code.gson/gson 2.7
orchestra /private/var/folders/8g/glv37m8n73gf4x0fqy5whqjc0000gn/T/cljdoc-orchestra-2018.11.07-17613119870463695882/downloaded.jar
lein-doo/lein-doo 0.1.10
  doo/doo 0.1.10
    karma-reporter/karma-reporter 2.1.2
      fipp/fipp 0.6.7
        org.clojure/core.rrb-vector 0.0.11
    meta-merge/meta-merge 1.0.0
javax.servlet/javax.servlet-api 4.0.1
codox/codox https://github.com/cljdoc/codox e0cd269
  org.clojure/tools.namespace 0.2.11
---------------------------------------------------------------------------
Going to write analysis result to: /tmp/cljdoc/analysis-out/cljdoc-edn/orchestra/orchestra/2018.11.07-1/cljdoc.edn
Analyzing orchestra clj
exit-code 0 ---------------------------------------------------------------
stdout --------------------------------------------------------------------
Args:
  - namespaces: "nil"
  - jar-contents-path: "/var/folders/8g/glv37m8n73gf4x0fqy5whqjc0000gn/T/cljdoc-orchestra-2018.11.07-17613119870463695882/contents"
  - platf: "clj"
  - file: "/var/folders/8g/glv37m8n73gf4x0fqy5whqjc0000gn/T/orchestra7528484898634403114.edn"
Analysing sources for platform "clj"
Clojure version 1.9.0
ClojureScript version 1.10.439
Codox opts: {:language :clojure, :root-path "/private/var/folders/8g/glv37m8n73gf4x0fqy5whqjc0000gn/T", :source-paths ["/var/folders/8g/glv37m8n73gf4x0fqy5whqjc0000gn/T/cljdoc-orchestra-2018.11.07-17613119870463695882/contents"], :namespaces :all, :exception-handler #object[cljdoc.analysis.impl$codox_config$ex_handler__980 0x61bfc9bf "cljdoc.analysis.impl$codox_config$ex_handler__980@61bfc9bf"], :metadata {}, :writer clojure.core/identity, :exclude-vars #"^(map)?->\p{Upper}"}
Writing /var/folders/8g/glv37m8n73gf4x0fqy5whqjc0000gn/T/orchestra7528484898634403114.edn

---------------------------------------------------------------------------
Analyzing orchestra cljs
exit-code 0 ---------------------------------------------------------------
stdout --------------------------------------------------------------------
Args:
  - namespaces: "nil"
  - jar-contents-path: "/var/folders/8g/glv37m8n73gf4x0fqy5whqjc0000gn/T/cljdoc-orchestra-2018.11.07-17613119870463695882/contents"
  - platf: "cljs"
  - file: "/var/folders/8g/glv37m8n73gf4x0fqy5whqjc0000gn/T/orchestra3635070808794493030.edn"
Analysing sources for platform "cljs"
Clojure version 1.9.0
ClojureScript version 1.10.439
Codox opts: {:language :clojurescript, :root-path "/private/var/folders/8g/glv37m8n73gf4x0fqy5whqjc0000gn/T", :source-paths ["/var/folders/8g/glv37m8n73gf4x0fqy5whqjc0000gn/T/cljdoc-orchestra-2018.11.07-17613119870463695882/contents"], :namespaces :all, :exception-handler #object[cljdoc.analysis.impl$codox_config$ex_handler__980 0x61bfc9bf "cljdoc.analysis.impl$codox_config$ex_handler__980@61bfc9bf"], :metadata {}, :writer clojure.core/identity, :exclude-vars #"^(map)?->\p{Upper}"}
Writing /var/folders/8g/glv37m8n73gf4x0fqy5whqjc0000gn/T/orchestra3635070808794493030.edn

---------------------------------------------------------------------------
Analysis succeeded!

err:        13.25 real        39.91 user         1.36 sys

