--shelling--->: ("time" "clojure" "-m" "cljdoc.analysis.runner-ng" "{:project \"semantic-csv\", :version \"0.2.1-alpha1\", :jarpath \"http://repo.clojars.org/semantic-csv/semantic-csv/0.2.1-alpha1/semantic-csv-0.2.1-alpha1.jar\", :pompath \"http://repo.clojars.org/semantic-csv/semantic-csv/0.2.1-alpha1/semantic-csv-0.2.1-alpha1.pom\"}" :dir "./cljdoc/modules/analysis-runner")
exit: 0
out: {:project "semantic-csv",
 :version "0.2.1-alpha1",
 :jarpath
 "http://repo.clojars.org/semantic-csv/semantic-csv/0.2.1-alpha1/semantic-csv-0.2.1-alpha1.jar",
 :pompath
 "http://repo.clojars.org/semantic-csv/semantic-csv/0.2.1-alpha1/semantic-csv-0.2.1-alpha1.pom"}
Downloading remote jar...
http://repo.clojars.org/semantic-csv/semantic-csv/0.2.1-alpha1/semantic-csv-0.2.1-alpha1.pom nil
Used dependencies for analysis:
org.clojure/clojure 1.9.0
  org.clojure/core.specs.alpha 0.1.24
  org.clojure/spec.alpha 0.1.143
org.clojure/clojurescript 1.10.339
  org.clojure/data.json 0.2.6
  org.clojure/google-closure-library 0.0-20170809-b9c14c6b
    org.clojure/google-closure-library-third-party 0.0-20170809-b9c14c6b
  org.mozilla/rhino 1.7R5
  com.cognitect/transit-clj 0.8.309
    com.cognitect/transit-java 0.8.332
      commons-codec/commons-codec 1.10
      com.fasterxml.jackson.core/jackson-core 2.8.7
      org.msgpack/msgpack 0.6.12
        com.googlecode.json-simple/json-simple 1.1.1
        org.javassist/javassist 3.18.1-GA
  org.clojure/tools.reader 1.3.0-alpha3
  com.google.javascript/closure-compiler-unshaded v20180610
    com.google.errorprone/error_prone_annotations 2.0.18
    com.google.jsinterop/jsinterop-annotations 1.0.0
    com.google.javascript/closure-compiler-externs v20180610
    com.google.guava/guava 22.0
      org.codehaus.mojo/animal-sniffer-annotations 1.14
      com.google.j2objc/j2objc-annotations 1.1
    args4j/args4j 2.33
    com.google.protobuf/protobuf-java 3.0.2
    com.google.code.findbugs/jsr305 3.0.1
    com.google.code.gson/gson 2.7
com.cemerick/piggieback 0.2.1
semantic-csv /private/var/folders/8g/glv37m8n73gf4x0fqy5whqjc0000gn/T/cljdoc-semantic-csv-0.2.1-alpha17876913422816717777/downloaded.jar
  clojure-csv/clojure-csv 2.0.1
javax.servlet/javax.servlet-api 4.0.1
codox/codox https://github.com/cljdoc/codox e0cd269
  org.clojure/tools.namespace 0.2.11
---------------------------------------------------------------------------
Going to write analysis result to: /tmp/cljdoc/analysis-out/cljdoc-edn/semantic-csv/semantic-csv/0.2.1-alpha1/cljdoc.edn
Analyzing semantic-csv clj
exit-code 0 ---------------------------------------------------------------
stdout --------------------------------------------------------------------
Args:
  - namespaces: "nil"
  - jar-contents-path: "/var/folders/8g/glv37m8n73gf4x0fqy5whqjc0000gn/T/cljdoc-semantic-csv-0.2.1-alpha17876913422816717777/contents"
  - platf: "clj"
  - file: "/var/folders/8g/glv37m8n73gf4x0fqy5whqjc0000gn/T/semantic-csv5043934174794581005.edn"
Analysing sources for platform "clj"
Clojure version 1.9.0
ClojureScript version 1.10.339
Codox opts: {:language :clojure, :root-path "/private/var/folders/8g/glv37m8n73gf4x0fqy5whqjc0000gn/T", :source-paths ["/var/folders/8g/glv37m8n73gf4x0fqy5whqjc0000gn/T/cljdoc-semantic-csv-0.2.1-alpha17876913422816717777/contents"], :namespaces :all, :exception-handler #object[cljdoc.analysis.impl$codox_config$ex_handler__980 0x5f2bd6d9 "cljdoc.analysis.impl$codox_config$ex_handler__980@5f2bd6d9"], :metadata {}, :writer clojure.core/identity, :exclude-vars #"^(map)?->\p{Upper}"}
Writing /var/folders/8g/glv37m8n73gf4x0fqy5whqjc0000gn/T/semantic-csv5043934174794581005.edn

---------------------------------------------------------------------------
Analyzing semantic-csv cljs
exit-code 0 ---------------------------------------------------------------
stdout --------------------------------------------------------------------
Args:
  - namespaces: "nil"
  - jar-contents-path: "/var/folders/8g/glv37m8n73gf4x0fqy5whqjc0000gn/T/cljdoc-semantic-csv-0.2.1-alpha17876913422816717777/contents"
  - platf: "cljs"
  - file: "/var/folders/8g/glv37m8n73gf4x0fqy5whqjc0000gn/T/semantic-csv8446120235829681723.edn"
Analysing sources for platform "cljs"
Clojure version 1.9.0
ClojureScript version 1.10.339
Codox opts: {:language :clojurescript, :root-path "/private/var/folders/8g/glv37m8n73gf4x0fqy5whqjc0000gn/T", :source-paths ["/var/folders/8g/glv37m8n73gf4x0fqy5whqjc0000gn/T/cljdoc-semantic-csv-0.2.1-alpha17876913422816717777/contents"], :namespaces :all, :exception-handler #object[cljdoc.analysis.impl$codox_config$ex_handler__980 0x5f2bd6d9 "cljdoc.analysis.impl$codox_config$ex_handler__980@5f2bd6d9"], :metadata {}, :writer clojure.core/identity, :exclude-vars #"^(map)?->\p{Upper}"}
Writing /var/folders/8g/glv37m8n73gf4x0fqy5whqjc0000gn/T/semantic-csv8446120235829681723.edn

---------------------------------------------------------------------------
Analysis succeeded!

err:        10.96 real        32.39 user         1.21 sys

