--shelling--->: ("time" "clojure" "-m" "cljdoc-analyzer.cljdoc-main" "{:project \"semantic-csv\", :version \"0.2.1-alpha1\", :jarpath \"http://repo.clojars.org/semantic-csv/semantic-csv/0.2.1-alpha1/semantic-csv-0.2.1-alpha1.jar\", :pompath \"http://repo.clojars.org/semantic-csv/semantic-csv/0.2.1-alpha1/semantic-csv-0.2.1-alpha1.pom\"}" :dir "./cljdoc-analyzer")
exit: 0
out: 2019-09-27 13:04:17,000 INFO  cljdoc-analyzer.cljdoc-main - args:
{:project "semantic-csv",
 :version "0.2.1-alpha1",
 :jarpath
 "http://repo.clojars.org/semantic-csv/semantic-csv/0.2.1-alpha1/semantic-csv-0.2.1-alpha1.jar",
 :pompath
 "http://repo.clojars.org/semantic-csv/semantic-csv/0.2.1-alpha1/semantic-csv-0.2.1-alpha1.pom"}

2019-09-27 13:04:17,033 INFO  cljdoc-analyzer.runner - args:
{:project "semantic-csv",
 :version "0.2.1-alpha1",
 :jarpath
 "http://repo.clojars.org/semantic-csv/semantic-csv/0.2.1-alpha1/semantic-csv-0.2.1-alpha1.jar",
 :pompath
 "http://repo.clojars.org/semantic-csv/semantic-csv/0.2.1-alpha1/semantic-csv-0.2.1-alpha1.pom",
 :extra-repos nil,
 :namespaces :all,
 :exclude-with [:no-doc :skip-wiki],
 :output-filename
 "/tmp/cljdoc/analysis-out/cljdoc-edn/semantic-csv/semantic-csv/0.2.1-alpha1/cljdoc.edn"}

2019-09-27 13:04:17,043 INFO  cljdoc-analyzer.runner - Downloading http://repo.clojars.org/semantic-csv/semantic-csv/0.2.1-alpha1/semantic-csv-0.2.1-alpha1.jar
2019-09-27 13:04:17,764 INFO  cljdoc-analyzer.runner - dependencies for analysis:
org.clojure/clojure 1.9.0
  org.clojure/core.specs.alpha 0.1.24
  org.clojure/spec.alpha 0.1.143
org.clojure/clojurescript 1.10.339
  org.clojure/data.json 0.2.6
  org.clojure/google-closure-library 0.0-20170809-b9c14c6b
    org.clojure/google-closure-library-third-party 0.0-20170809-b9c14c6b
  org.mozilla/rhino 1.7R5
  com.cognitect/transit-clj 0.8.309
    com.cognitect/transit-java 0.8.332
      commons-codec/commons-codec 1.10
      com.fasterxml.jackson.core/jackson-core 2.8.7
      org.msgpack/msgpack 0.6.12
        com.googlecode.json-simple/json-simple 1.1.1
        org.javassist/javassist 3.18.1-GA
  org.clojure/tools.reader 1.3.0-alpha3
  com.google.javascript/closure-compiler-unshaded v20180610
    com.google.errorprone/error_prone_annotations 2.0.18
    com.google.jsinterop/jsinterop-annotations 1.0.0
    com.google.javascript/closure-compiler-externs v20180610
    com.google.guava/guava 22.0
      org.codehaus.mojo/animal-sniffer-annotations 1.14
      com.google.j2objc/j2objc-annotations 1.1
    args4j/args4j 2.33
    com.google.protobuf/protobuf-java 3.0.2
    com.google.code.findbugs/jsr305 3.0.1
    com.google.code.gson/gson 2.7
cljdoc-analyzer/metagetta /Users/lee/other-proj/cljdoc-analyzer-comparative-test/cljdoc-analyzer/modules/metagetta
  org.clojure/tools.namespace 0.2.11
com.cemerick/piggieback 0.2.1
semantic-csv /private/var/folders/8g/glv37m8n73gf4x0fqy5whqjc0000gn/T/cljdoc-semantic-csv-semantic-csv-0.2.1-alpha16450585049738430626/downloaded.jar
  clojure-csv/clojure-csv 2.0.1
javax.servlet/javax.servlet-api 4.0.1

2019-09-27 13:04:17,767 INFO  cljdoc-analyzer.runner - launching metagetta for: semantic-csv/semantic-csv languages: :auto-detect
2019-09-27 13:04:21,641 INFO  cljdoc-analyzer.runner - metagetta results:
exit-code 0
stdout:
 Args: {:namespaces :all,
        :root-path
        "/var/folders/8g/glv37m8n73gf4x0fqy5whqjc0000gn/T/cljdoc-semantic-csv-semantic-csv-0.2.1-alpha16450585049738430626/contents",
        :languages :auto-detect,
        :output-filename
        "/var/folders/8g/glv37m8n73gf4x0fqy5whqjc0000gn/T/semantic-csv-semantic-csv5667343371088499442.edn",
        :exclude-with [:no-doc :skip-wiki]}
 Java version 1.8.0_222
 Clojure version 1.9.0
 ClojureScript version 1.10.339
 Analyzing for clj
 Analyzing for cljs
 Done
2019-09-27 13:04:21,706 INFO  cljdoc-analyzer.runner - results file: /tmp/cljdoc/analysis-out/cljdoc-edn/semantic-csv/semantic-csv/0.2.1-alpha1/cljdoc.edn
2019-09-27 13:04:21,706 INFO  cljdoc-analyzer.runner - Analysis succeeded.

err:         7.43 real        24.54 user         0.80 sys

